g:\render\toy\toy\debug\vc120.pdb
g:\render\toy\toy\debug\vc120.idb
g:\render\toy\toy\debug\device.obj
g:\render\toy\toy\debug\example.obj
g:\render\toy\toy\debug\utility.obj
g:\render\toy\toy\debug\tfragmentshader.obj
g:\render\toy\toy\debug\tgeometryshader.obj
g:\render\toy\toy\debug\tmatrix.obj
g:\render\toy\toy\debug\model.obj
g:\render\toy\toy\debug\tpipeline.obj
g:\render\toy\toy\debug\tvector.obj
g:\render\toy\toy\debug\tvertex.obj
g:\render\toy\toy\debug\tvertexshader.obj
g:\render\toy\debug\toy.ilk
g:\render\toy\debug\toy.exe
g:\render\toy\debug\toy.pdb
g:\render\toy\toy\debug\toy.tlog\cl.command.1.tlog
g:\render\toy\toy\debug\toy.tlog\cl.read.1.tlog
g:\render\toy\toy\debug\toy.tlog\cl.write.1.tlog
g:\render\toy\toy\debug\toy.tlog\link.command.1.tlog
g:\render\toy\toy\debug\toy.tlog\link.read.1.tlog
g:\render\toy\toy\debug\toy.tlog\link.write.1.tlog
