生成启动时间为 2017/6/25 18:59:15。
     1>项目“G:\Render\Toy\Toy\Toy.vcxproj”在节点 2 上(Build 个目标)。
     1>ClCompile:
         G:\VS2013\VC\bin\CL.exe /c /ZI /nologo /W3 /WX- /sdl /Od /Oy- /D _MBCS /Gm /EHsc /RTC1 /MDd /GS /fp:precise /Zc:wchar_t /Zc:forScope /Fo"Debug\\" /Fd"Debug\vc120.pdb" /Gd /TP /analyze- /errorReport:prompt TPipeLine.cpp
         TPipeLine.cpp
     1>g:\render\toy\toy\tpipeline.cpp(121): warning C4244: “参数”: 从“double”转换到“float”，可能丢失数据
       Link:
         G:\VS2013\VC\bin\link.exe /ERRORREPORT:PROMPT /OUT:"G:\Render\Toy\Debug\Toy.exe" /INCREMENTAL /NOLOGO kernel32.lib user32.lib gdi32.lib winspool.lib comdlg32.lib advapi32.lib shell32.lib ole32.lib oleaut32.lib uuid.lib odbc32.lib odbccp32.lib /MANIFEST /MANIFESTUAC:"level='asInvoker' uiAccess='false'" /manifest:embed /DEBUG /PDB:"G:\Render\Toy\Debug\Toy.pdb" /TLBID:1 /DYNAMICBASE /NXCOMPAT /IMPLIB:"G:\Render\Toy\Debug\Toy.lib" /MACHINE:X86 Debug\Device.obj
         Debug\Example.obj
         Debug\utility.obj
         Debug\TFragmentShader.obj
         Debug\TGeometryShader.obj
         Debug\TMatrix.obj
         Debug\Model.obj
         Debug\TPipeLine.obj
         Debug\TVector.obj
         Debug\TVertex.obj
         Debug\TVertexShader.obj
         Toy.vcxproj -> G:\Render\Toy\Debug\Toy.exe
     1>已完成生成项目“G:\Render\Toy\Toy\Toy.vcxproj”(Build 个目标)的操作。

生成成功。

已用时间 00:00:01.18
